<?xml version="1.0" encoding="UTF-8"?>
<testsuite xmlns:xsi="http://www.w3.org/2001/XMLSchema-instance" xsi:noNamespaceSchemaLocation="https://maven.apache.org/surefire/maven-surefire-plugin/xsd/surefire-test-report.xsd" name="cucumber_test.CucumberRunnerTest" time="7.625" tests="15" errors="0" skipped="0" failures="0">
  <properties>
[...]
</properties>
  <testcase name="Рассчёт умножение показателя на ставку" classname="Калькулятор" time="0.273"/>
  <testcase name="Av isn&apos;t Numeric" classname="Is it Numeric?" time="2.571"/>
  <testcase name="Рассчёт одного кВт для сельской местности" classname="Калькулятор для однозонного тарифа" time="0.012"/>
  <testcase name="Рассчёт одного кВт для города газовая плита" classname="Калькулятор для однозонного тарифа" time="0.129"/>
  <testcase name="Рассчёт одного кВт для города без газовой плиты" classname="Калькулятор для однозонного тарифа" time="0.064"/>
  <testcase name="Введены правильно показания" classname="Ввод показаний счетчика для однозонного тарифа" time="0.559"/>
  <testcase name="Введены неправильно показания" classname="Ввод показаний счетчика для однозонного тарифа" time="0.423"/>
  <testcase name="Пользователь перепутал поля" classname="Ввод показаний счетчика для однозонного тарифа" time="0.571"/>
  <testcase name="документ PDF создался" classname="создание PDF" time="1.923"/>
  <testcase name="Рассчёт одного кВт для дневного тарифа и одного кВт для ночного тарифа" classname="Калькулятор для двухзонного тарифа" time="0.037"/>
  <testcase name="Рассчёт одного кВт для дневного тарифа и одного кВт для ночного тарифа (город, есть плита)" classname="Калькулятор для двухзонного тарифа" time="0.056"/>
  <testcase name="Рассчёт одного кВт для дневного тарифа и одного кВт для ночного тарифа (город, без плиты)" classname="Калькулятор для двухзонного тарифа" time="0.028"/>
  <testcase name="Рассчёт одного кВт для дневного тарифа и одного кВт для ночного тарифа и одного кВт для полупикового" classname="Калькулятор для трёхзонного тарифа" time="0.021"/>
  <testcase name="Рассчёт одного кВт для дневного тарифа и одного кВт для ночного тарифа и одного кВт для полупикового (город, есть газ)" classname="Калькулятор для трёхзонного тарифа" time="0.039"/>
  <testcase name="Рассчёт одного кВт для дневного тарифа и одного кВт для ночного тарифа и одного кВт для полупикового (город, нет газа)" classname="Калькулятор для трёхзонного тарифа" time="0.052"/>
</testsuite>